Determining if the pthread_create exist failed with the following output:
Change Dir: /home/chao/catkin_ws/src/cmake-build-debug/CMakeFiles/CMakeTmp

Run Build Command(s):/usr/bin/make cmTC_0fc71/fast 
/usr/bin/make -f CMakeFiles/cmTC_0fc71.dir/build.make CMakeFiles/cmTC_0fc71.dir/build
make[1]: Entering directory '/home/chao/catkin_ws/src/cmake-build-debug/CMakeFiles/CMakeTmp'
Building C object CMakeFiles/cmTC_0fc71.dir/CheckSymbolExists.c.o
/usr/bin/cc    -o CMakeFiles/cmTC_0fc71.dir/CheckSymbolExists.c.o   -c /home/chao/catkin_ws/src/cmake-build-debug/CMakeFiles/CMakeTmp/CheckSymbolExists.c
Linking C executable cmTC_0fc71
/snap/clion/73/bin/cmake/linux/bin/cmake -E cmake_link_script CMakeFiles/cmTC_0fc71.dir/link.txt --verbose=1
/usr/bin/cc      -rdynamic CMakeFiles/cmTC_0fc71.dir/CheckSymbolExists.c.o  -o cmTC_0fc71 
CMakeFiles/cmTC_0fc71.dir/CheckSymbolExists.c.o: In function `main':
CheckSymbolExists.c:(.text+0x16): undefined reference to `pthread_create'
collect2: error: ld returned 1 exit status
CMakeFiles/cmTC_0fc71.dir/build.make:86: recipe for target 'cmTC_0fc71' failed
make[1]: *** [cmTC_0fc71] Error 1
make[1]: Leaving directory '/home/chao/catkin_ws/src/cmake-build-debug/CMakeFiles/CMakeTmp'
Makefile:121: recipe for target 'cmTC_0fc71/fast' failed
make: *** [cmTC_0fc71/fast] Error 2

File /home/chao/catkin_ws/src/cmake-build-debug/CMakeFiles/CMakeTmp/CheckSymbolExists.c:
/* */
#include <pthread.h>

int main(int argc, char** argv)
{
  (void)argv;
#ifndef pthread_create
  return ((int*)(&pthread_create))[argc];
#else
  (void)argc;
  return 0;
#endif
}

Determining if the function pthread_create exists in the pthreads failed with the following output:
Change Dir: /home/chao/catkin_ws/src/cmake-build-debug/CMakeFiles/CMakeTmp

Run Build Command(s):/usr/bin/make cmTC_fa625/fast 
/usr/bin/make -f CMakeFiles/cmTC_fa625.dir/build.make CMakeFiles/cmTC_fa625.dir/build
make[1]: Entering directory '/home/chao/catkin_ws/src/cmake-build-debug/CMakeFiles/CMakeTmp'
Building C object CMakeFiles/cmTC_fa625.dir/CheckFunctionExists.c.o
/usr/bin/cc   -DCHECK_FUNCTION_EXISTS=pthread_create   -o CMakeFiles/cmTC_fa625.dir/CheckFunctionExists.c.o   -c /snap/clion/73/bin/cmake/linux/share/cmake-3.14/Modules/CheckFunctionExists.c
Linking C executable cmTC_fa625
/snap/clion/73/bin/cmake/linux/bin/cmake -E cmake_link_script CMakeFiles/cmTC_fa625.dir/link.txt --verbose=1
/usr/bin/cc  -DCHECK_FUNCTION_EXISTS=pthread_create    -rdynamic CMakeFiles/cmTC_fa625.dir/CheckFunctionExists.c.o  -o cmTC_fa625 -lpthreads 
/usr/bin/ld: cannot find -lpthreads
collect2: error: ld returned 1 exit status
CMakeFiles/cmTC_fa625.dir/build.make:86: recipe for target 'cmTC_fa625' failed
make[1]: *** [cmTC_fa625] Error 1
make[1]: Leaving directory '/home/chao/catkin_ws/src/cmake-build-debug/CMakeFiles/CMakeTmp'
Makefile:121: recipe for target 'cmTC_fa625/fast' failed
make: *** [cmTC_fa625/fast] Error 2


